<?xml version="1.0" encoding="UTF-8"?>
<testsuite name="Test Setup"
           tests="7"
           failures="0"
           errors="0"
           skipped="0"
           time="15.763">
  <properties />
  
  
            <testcase name="VerifyThatTheUserAbleSelectArabicLanguage" time="0.756" classname="Mobile.Tests.Language.LanguageChooseTest" />
                <testcase name="welcomeLabelTextIsCorrect" time="0.097" classname="Mobile.Tests.Language.LanguageChooseTest" />
                <testcase name="VerifyThatTheUserAbleClickChooseButton" time="1.513" classname="Mobile.Tests.Language.LanguageChooseTest" />
                <testcase name="welcomeDescriptionIsDisplayed" time="1.569" classname="Mobile.Tests.Language.LanguageChooseTest" />
                <testcase name="welcomeLabelIsDisplayed" time="0.577" classname="Mobile.Tests.Language.LanguageChooseTest" />
                <testcase name="VerifyThatTheUserAbleClickIgnoreButton" time="10.823" classname="Mobile.Tests.Language.LanguageChooseTest" />
                <testcase name="mainImageIsDisplayed" time="0.428" classname="Mobile.Tests.Language.LanguageChooseTest" />
      
</testsuite>
