<?xml version="1.0" encoding="UTF-8"?>
<testsuite name="Test Setup"
           tests="7"
           failures="0"
           errors="0"
           skipped="0"
           time="17.981">
  <properties />
  
  
            <testcase name="welcomeLabelTextIsCorrect" time="0.092" classname="Mobile.Tests.LanguageChooseTest" />
                <testcase name="welcomeLabelIsDisplayed" time="0.574" classname="Mobile.Tests.LanguageChooseTest" />
                <testcase name="VerifyThatTheUserAbleSelectArabicLanguage" time="0.766" classname="Mobile.Tests.LanguageChooseTest" />
                <testcase name="mainImageIsDisplayed" time="0.288" classname="Mobile.Tests.LanguageChooseTest" />
                <testcase name="VerifyThatTheUserAbleClickIgnoreButton" time="10.753" classname="Mobile.Tests.LanguageChooseTest" />
                <testcase name="welcomeDescriptionIsDisplayed" time="3.951" classname="Mobile.Tests.LanguageChooseTest" />
                <testcase name="VerifyThatTheUserAbleClickChooseButton" time="1.557" classname="Mobile.Tests.LanguageChooseTest" />
      
</testsuite>
