<?xml version="1.0" encoding="UTF-8"?>
<testsuite name="Test Setup"
           tests="14"
           failures="0"
           errors="0"
           skipped="0"
           time="24.817">
  <properties />
  
  
            <testcase name="FamcareLogoIsDisplayed" time="0.151" classname="Mobile.Tests.HomePage.HomePageTest" />
                <testcase name="IconJalulaIsDisplayed" time="0.153" classname="Mobile.Tests.HomePage.HomePageTest" />
                <testcase name="ButtonFeelingIsDisplayed" time="22.976" classname="Mobile.Tests.HomePage.HomePageTest" />
                <testcase name="PsychologistDoctorIsDisplayed" time="0.145" classname="Mobile.Tests.HomePage.HomePageTest" />
                <testcase name="MessageWelcomeIsDisplayed" time="0.140" classname="Mobile.Tests.HomePage.HomePageTest" />
                <testcase name="SliderAdsIsDisplayed" time="0.131" classname="Mobile.Tests.HomePage.HomePageTest" />
                <testcase name="intercomIconIsDisplayed" time="0.136" classname="Mobile.Tests.HomePage.HomePageTest" />
                <testcase name="IconCartIsDisplayed" time="0.124" classname="Mobile.Tests.HomePage.HomePageTest" />
                <testcase name="TitleTypesOfSpecialistsIsDisplayed" time="0.147" classname="Mobile.Tests.HomePage.HomePageTest" />
                <testcase name="NotificationIconIsDisplayed" time="0.132" classname="Mobile.Tests.HomePage.HomePageTest" />
                <testcase name="SupportGroupsIsDisplayed" time="0.172" classname="Mobile.Tests.HomePage.HomePageTest" />
                <testcase name="EducationalSpecialIsDisplayed" time="0.121" classname="Mobile.Tests.HomePage.HomePageTest" />
                <testcase name="SocialWorkerIsDisplayed" time="0.126" classname="Mobile.Tests.HomePage.HomePageTest" />
                <testcase name="PsychologistIsDisplayed" time="0.163" classname="Mobile.Tests.HomePage.HomePageTest" />
      
</testsuite>
