<?xml version="1.0" encoding="UTF-8"?>
<testsuite name="Test Setup"
           tests="7"
           failures="0"
           errors="0"
           skipped="0"
           time="16.439">
  <properties />
  
  
            <testcase name="VerifyThatTheUserAbleClickChooseButton" time="1.681" classname="mobile_tests.LanguageChooseTest" />
                <testcase name="welcomeLabelIsDisplayed" time="0.627" classname="mobile_tests.LanguageChooseTest" />
                <testcase name="VerifyThatTheUserAbleClickIgnoreButton" time="10.945" classname="mobile_tests.LanguageChooseTest" />
                <testcase name="VerifyThatTheUserAbleSelectArabicLanguage" time="0.822" classname="mobile_tests.LanguageChooseTest" />
                <testcase name="welcomeLabelTextIsCorrect" time="0.076" classname="mobile_tests.LanguageChooseTest" />
                <testcase name="mainImageIsDisplayed" time="0.305" classname="mobile_tests.LanguageChooseTest" />
                <testcase name="welcomeDescriptionIsDisplayed" time="1.983" classname="mobile_tests.LanguageChooseTest" />
      
</testsuite>
