<?xml version="1.0" encoding="UTF-8"?>
<testsuite name="Test Setup"
           tests="23"
           failures="0"
           errors="0"
           skipped="0"
           time="5.060">
  <properties />
  
  
            <testcase name="startChangeButtonIsDisplayed" time="0.119" classname="Web.Tests.HomePage.HomePageTest" />
                <testcase name="appStoreButtonIsDisplayed" time="0.280" classname="Web.Tests.HomePage.HomePageTest" />
                <testcase name="ratingDescriptionTextIsDisplayed" time="0.073" classname="Web.Tests.HomePage.HomePageTest" />
                <testcase name="googlePlayButtonIsDisplayed" time="0.128" classname="Web.Tests.HomePage.HomePageTest" />
                <testcase name="startButtonIsDisplayed" time="0.112" classname="Web.Tests.HomePage.HomePageTest" />
                <testcase name="ratingTitleIsDisplayed" time="0.070" classname="Web.Tests.HomePage.HomePageTest" />
                <testcase name="sessionsDescriptionTextIsDisplayed" time="0.070" classname="Web.Tests.HomePage.HomePageTest" />
                <testcase name="sessionsImageIsDisplayed" time="0.075" classname="Web.Tests.HomePage.HomePageTest" />
                <testcase name="subscriptionImageIsDisplayed" time="0.114" classname="Web.Tests.HomePage.HomePageTest" />
                <testcase name="footerAppStoreButtonIsDisplayed" time="0.116" classname="Web.Tests.HomePage.HomePageTest" />
                <testcase name="consultantButtonIsDisplayed" time="0.493" classname="Web.Tests.HomePage.HomePageTest" />
                <testcase name="packagesImageIsDisplayed" time="0.071" classname="Web.Tests.HomePage.HomePageTest" />
                <testcase name="footerGooglePlayButtonIsDisplayed" time="0.113" classname="Web.Tests.HomePage.HomePageTest" />
                <testcase name="promotionalTextIsDisplayed" time="0.069" classname="Web.Tests.HomePage.HomePageTest" />
                <testcase name="ratingImageIsDisplayed" time="0.079" classname="Web.Tests.HomePage.HomePageTest" />
                <testcase name="startTextIsDisplayed" time="0.076" classname="Web.Tests.HomePage.HomePageTest" />
                <testcase name="sessionsTitleIsDisplayed" time="0.075" classname="Web.Tests.HomePage.HomePageTest" />
                <testcase name="packagesTitleIsDisplayed" time="0.073" classname="Web.Tests.HomePage.HomePageTest" />
                <testcase name="openSubscriptionPage" time="1.486" classname="Web.Tests.HomePage.HomePageTest" />
                <testcase name="packagesDescriptionTextIsDisplayed" time="0.070" classname="Web.Tests.HomePage.HomePageTest" />
                <testcase name="logoIsDisplayed" time="0.114" classname="Web.Tests.HomePage.HomePageTest" />
                <testcase name="startImageIsDisplayed" time="0.078" classname="Web.Tests.HomePage.HomePageTest" />
                <testcase name="blogButtonIsDisplayed" time="1.106" classname="Web.Tests.HomePage.HomePageTest" />
      
</testsuite>
